  source.cpp
D:\pCloud\pCloud\GitHubRepositories\Cpp-3D-Interactive-Graphs-OpenGL\Cpp-3D-Interactive-Graphs-OpenGL\SHADER.hpp(39,49): warning C4267: 'initializing': conversion from 'size_t' to 'int', possible loss of data
  (compiling source file 'source.cpp')
  
D:\pCloud\pCloud\GitHubRepositories\Cpp-3D-Interactive-Graphs-OpenGL\Cpp-3D-Interactive-Graphs-OpenGL\SHADER.hpp(39,28): warning C4267: 'initializing': conversion from 'size_t' to 'const int', possible loss of data
  (compiling source file 'source.cpp')
  
D:\pCloud\pCloud\GitHubRepositories\Cpp-3D-Interactive-Graphs-OpenGL\Cpp-3D-Interactive-Graphs-OpenGL\MESH.hpp(162,16): warning C4244: 'initializing': conversion from 'double' to 'float', possible loss of data
  (compiling source file 'source.cpp')
  
D:\pCloud\pCloud\GitHubRepositories\Cpp-3D-Interactive-Graphs-OpenGL\Cpp-3D-Interactive-Graphs-OpenGL\MESH.hpp(168,15): warning C4244: 'initializing': conversion from 'double' to 'float', possible loss of data
  (compiling source file 'source.cpp')
  
D:\pCloud\pCloud\GitHubRepositories\Cpp-3D-Interactive-Graphs-OpenGL\Cpp-3D-Interactive-Graphs-OpenGL\MESH.hpp(196,20): warning C4244: 'initializing': conversion from 'float' to 'uint32_t', possible loss of data
  (compiling source file 'source.cpp')
  
D:\pCloud\pCloud\GitHubRepositories\Cpp-3D-Interactive-Graphs-OpenGL\Cpp-3D-Interactive-Graphs-OpenGL\MESH.hpp(197,21): warning C4244: 'initializing': conversion from 'float' to 'uint32_t', possible loss of data
  (compiling source file 'source.cpp')
  
D:\pCloud\pCloud\GitHubRepositories\Cpp-3D-Interactive-Graphs-OpenGL\Cpp-3D-Interactive-Graphs-OpenGL\LIGHT_RENDER.hpp(138,16): warning C4267: 'argument': conversion from 'size_t' to 'GLsizei', possible loss of data
  (compiling source file 'source.cpp')
  
  Generating code
  8 of 177 functions ( 4.5%) were compiled, the rest were copied from previous compilation.
    0 functions were new in current compilation
    1 functions had inline decision re-evaluated but remain unchanged
  Finished generating code
  Cpp-3D-Interactive-Graphs-OpenGL.vcxproj -> D:\pCloud\pCloud\GitHubRepositories\Cpp-3D-Interactive-Graphs-OpenGL\x64\Release\Cpp-3D-Interactive-Graphs-OpenGL.exe
